2025-05-21 14:05:28,520 - INFO - Setting up Chrome/Brave driver with options
2025-05-21 14:05:28,521 - INFO - Using ChromeDriver at: /usr/local/bin/chromedriver
2025-05-21 14:05:31,668 - INFO - WebDriver initialized successfully
2025-05-21 14:05:31,668 - INFO - Starting login process
2025-05-21 14:05:31,668 - INFO - Navigating to DealMachine login page...
2025-05-21 14:05:35,344 - INFO - Current URL after navigation: https://app.dealmachine.com/
2025-05-21 14:05:38,409 - INFO - Screenshot saved as login_page_initial_20250521_140535.png
2025-05-21 14:05:38,409 - INFO - Waiting for login page to fully load...
2025-05-21 14:05:38,442 - WARNING - Expected login page, but got: https://app.dealmachine.com/
2025-05-21 14:05:41,258 - INFO - Screenshot saved as unexpected_page_20250521_140538.png
2025-05-21 14:05:41,270 - INFO - Page title: Log in to your account - DealMachine for Real Estate
2025-05-21 14:05:41,271 - INFO - Waiting for email field...
2025-05-21 14:05:41,332 - INFO - Email field found
2025-05-21 14:05:41,846 - INFO - Email entered
2025-05-21 14:05:42,295 - INFO - Password entered
2025-05-21 14:05:42,295 - INFO - Credentials filled
2025-05-21 14:05:45,278 - INFO - Screenshot saved as credentials_filled_20250521_140542.png
2025-05-21 14:05:47,281 - INFO - Looking for login button...
2025-05-21 14:06:02,797 - ERROR - Login button not found or not clickable: Message: 
Stacktrace:
0   chromedriver                        0x000000010d9718a8 chromedriver + 5986472
1   chromedriver                        0x000000010d9689da chromedriver + 5949914
2   chromedriver                        0x000000010d421600 chromedriver + 415232
3   chromedriver                        0x000000010d473304 chromedriver + 750340
4   chromedriver                        0x000000010d473521 chromedriver + 750881
5   chromedriver                        0x000000010d4c3204 chromedriver + 1077764
6   chromedriver                        0x000000010d49933d chromedriver + 906045
7   chromedriver                        0x000000010d4c0566 chromedriver + 1066342
8   chromedriver                        0x000000010d4990e3 chromedriver + 905443
9   chromedriver                        0x000000010d46561d chromedriver + 693789
10  chromedriver                        0x000000010d466281 chromedriver + 696961
11  chromedriver                        0x000000010d92f570 chromedriver + 5715312
12  chromedriver                        0x000000010d933435 chromedriver + 5731381
13  chromedriver                        0x000000010d909ec0 chromedriver + 5562048
14  chromedriver                        0x000000010d933e6b chromedriver + 5733995
15  chromedriver                        0x000000010d8f8dd4 chromedriver + 5492180
16  chromedriver                        0x000000010d956a88 chromedriver + 5876360
17  chromedriver                        0x000000010d956c50 chromedriver + 5876816
18  chromedriver                        0x000000010d9685a1 chromedriver + 5948833
19  libsystem_pthread.dylib             0x00007ff8071aadf1 _pthread_start + 99
20  libsystem_pthread.dylib             0x00007ff8071a6857 thread_start + 15

2025-05-21 14:06:05,658 - INFO - Screenshot saved as login_button_error_20250521_140602.png
2025-05-21 14:06:05,658 - INFO - Trying alternative login button locator...
2025-05-21 14:06:05,675 - ERROR - Alternative button click failed: Message: no such element: Unable to locate element: {"method":"xpath","selector":"//button[@type='submit']"}
  (Session info: chrome=136.0.7103.93); For documentation on this error, please visit: https://www.selenium.dev/documentation/webdriver/troubleshooting/errors#no-such-element-exception
Stacktrace:
0   chromedriver                        0x000000010d9718a8 chromedriver + 5986472
1   chromedriver                        0x000000010d9689da chromedriver + 5949914
2   chromedriver                        0x000000010d421600 chromedriver + 415232
3   chromedriver                        0x000000010d473304 chromedriver + 750340
4   chromedriver                        0x000000010d473521 chromedriver + 750881
5   chromedriver                        0x000000010d4c3204 chromedriver + 1077764
6   chromedriver                        0x000000010d49933d chromedriver + 906045
7   chromedriver                        0x000000010d4c0566 chromedriver + 1066342
8   chromedriver                        0x000000010d4990e3 chromedriver + 905443
9   chromedriver                        0x000000010d46561d chromedriver + 693789
10  chromedriver                        0x000000010d466281 chromedriver + 696961
11  chromedriver                        0x000000010d92f570 chromedriver + 5715312
12  chromedriver                        0x000000010d933435 chromedriver + 5731381
13  chromedriver                        0x000000010d909ec0 chromedriver + 5562048
14  chromedriver                        0x000000010d933e6b chromedriver + 5733995
15  chromedriver                        0x000000010d8f8dd4 chromedriver + 5492180
16  chromedriver                        0x000000010d956a88 chromedriver + 5876360
17  chromedriver                        0x000000010d956c50 chromedriver + 5876816
18  chromedriver                        0x000000010d9685a1 chromedriver + 5948833
19  libsystem_pthread.dylib             0x00007ff8071aadf1 _pthread_start + 99
20  libsystem_pthread.dylib             0x00007ff8071a6857 thread_start + 15

2025-05-21 14:06:05,676 - ERROR - WebDriver exception during login: Message: no such element: Unable to locate element: {"method":"xpath","selector":"//button[@type='submit']"}
  (Session info: chrome=136.0.7103.93); For documentation on this error, please visit: https://www.selenium.dev/documentation/webdriver/troubleshooting/errors#no-such-element-exception
Stacktrace:
0   chromedriver                        0x000000010d9718a8 chromedriver + 5986472
1   chromedriver                        0x000000010d9689da chromedriver + 5949914
2   chromedriver                        0x000000010d421600 chromedriver + 415232
3   chromedriver                        0x000000010d473304 chromedriver + 750340
4   chromedriver                        0x000000010d473521 chromedriver + 750881
5   chromedriver                        0x000000010d4c3204 chromedriver + 1077764
6   chromedriver                        0x000000010d49933d chromedriver + 906045
7   chromedriver                        0x000000010d4c0566 chromedriver + 1066342
8   chromedriver                        0x000000010d4990e3 chromedriver + 905443
9   chromedriver                        0x000000010d46561d chromedriver + 693789
10  chromedriver                        0x000000010d466281 chromedriver + 696961
11  chromedriver                        0x000000010d92f570 chromedriver + 5715312
12  chromedriver                        0x000000010d933435 chromedriver + 5731381
13  chromedriver                        0x000000010d909ec0 chromedriver + 5562048
14  chromedriver                        0x000000010d933e6b chromedriver + 5733995
15  chromedriver                        0x000000010d8f8dd4 chromedriver + 5492180
16  chromedriver                        0x000000010d956a88 chromedriver + 5876360
17  chromedriver                        0x000000010d956c50 chromedriver + 5876816
18  chromedriver                        0x000000010d9685a1 chromedriver + 5948833
19  libsystem_pthread.dylib             0x00007ff8071aadf1 _pthread_start + 99
20  libsystem_pthread.dylib             0x00007ff8071a6857 thread_start + 15

2025-05-21 14:06:08,495 - INFO - Screenshot saved as webdriver_exception_20250521_140605.png
2025-05-21 14:11:05,979 - INFO - Setting up Chrome/Brave driver with options
2025-05-21 14:11:05,980 - INFO - Using ChromeDriver at: /usr/local/bin/chromedriver
2025-05-21 14:11:11,199 - INFO - WebDriver initialized successfully
2025-05-21 14:11:11,199 - INFO - Starting login process
2025-05-21 14:11:11,199 - INFO - Navigating to DealMachine login page...
2025-05-21 14:11:15,958 - INFO - Current URL after navigation: https://app.dealmachine.com/
2025-05-21 14:11:18,855 - INFO - Screenshot saved as login_page_initial_20250521_141115.png
2025-05-21 14:11:18,856 - INFO - Waiting for login page to fully load...
2025-05-21 14:11:24,002 - WARNING - Expected login page, but got: https://app.dealmachine.com/
2025-05-21 14:11:26,916 - INFO - Screenshot saved as unexpected_page_20250521_141124.png
2025-05-21 14:11:27,274 - INFO - Initial page URL: https://app.dealmachine.com/
2025-05-21 14:11:27,288 - INFO - Initial page Title: Log in to your account - DealMachine for Real Estate
2025-05-21 14:11:27,307 - INFO - Initial page Found 1 buttons on page
2025-05-21 14:11:27,381 - INFO - Initial page Button 1: Text='Login with Apple', Type='button', Class='react-apple-signin-auth-btn react-apple-signin-auth-btn-dark'
2025-05-21 14:11:27,397 - INFO - Initial page Found 1 forms on page
2025-05-21 14:11:27,408 - INFO - Initial page Saved page source to page_source_Initial_page_20250521_141127.html
2025-05-21 14:11:27,426 - INFO - Found 6 iframes on the page
2025-05-21 14:11:27,436 - INFO - Switching to iframe: iframe_0
2025-05-21 14:11:27,496 - INFO - Switching to iframe: _hjSafeContext_42290970
2025-05-21 14:11:27,542 - INFO - Switching to iframe: intercom-frame
2025-05-21 14:11:27,589 - INFO - Switching to iframe: iframe_3
2025-05-21 14:11:27,648 - INFO - Switching to iframe: iframe_4
2025-05-21 14:11:27,694 - INFO - Switching to iframe: iframe_5
2025-05-21 14:11:27,783 - INFO - No relevant content found in iframes, staying in main content
2025-05-21 14:11:27,784 - INFO - Waiting for email field...
2025-05-21 14:11:27,816 - INFO - Email field found
2025-05-21 14:11:28,397 - INFO - Email entered
2025-05-21 14:11:28,840 - INFO - Password entered
2025-05-21 14:11:28,840 - INFO - Credentials filled
2025-05-21 14:11:31,721 - INFO - Screenshot saved as credentials_filled_20250521_141128.png
2025-05-21 14:11:31,729 - INFO - After credentials URL: https://app.dealmachine.com/
2025-05-21 14:11:31,735 - INFO - After credentials Title: Log in to your account - DealMachine for Real Estate
2025-05-21 14:11:31,746 - INFO - After credentials Found 1 buttons on page
2025-05-21 14:11:31,790 - INFO - After credentials Button 1: Text='Login with Apple', Type='button', Class='react-apple-signin-auth-btn react-apple-signin-auth-btn-dark'
2025-05-21 14:11:31,801 - INFO - After credentials Found 1 forms on page
2025-05-21 14:11:31,810 - INFO - After credentials Saved page source to page_source_After_credentials_20250521_141131.html
2025-05-21 14:11:31,810 - INFO - After credentials Finding all interactive elements...
2025-05-21 14:11:31,828 - INFO - After credentials Found 1 Buttons
2025-05-21 14:11:31,920 - INFO - After credentials Buttons 1: Text='Login with Apple', ID='No id', Class='react-apple-signin-auth-btn react-apple-signin-auth-btn-dark', Type='button', Name='No name', Value='No value', Displayed=True, Enabled=True
2025-05-21 14:11:31,939 - INFO - After credentials Found 2 Inputs
2025-05-21 14:11:32,010 - INFO - After credentials Inputs 1: Text='No text', ID='No id', Class='active undefined', Type='text', Name='email', Value='ryan@kindleenterprisesllc.com', Displayed=True, Enabled=True
2025-05-21 14:11:32,079 - INFO - After credentials Inputs 2: Text='No text', ID='No id', Class='active undefined', Type='password', Name='password', Value='Kindle11697', Displayed=True, Enabled=True
2025-05-21 14:11:32,111 - INFO - After credentials Found 3 Anchors
2025-05-21 14:11:32,187 - INFO - After credentials Anchors 1: Text='No text', ID='No id', Class='deal-button', Type='No type', Name='No name', Value='No value', Displayed=True, Enabled=True
2025-05-21 14:11:32,275 - INFO - After credentials Anchors 2: Text='Don't have an account yet? Get started here', ID='No id', Class='deal-button undefined null', Type='No type', Name='No name', Value='No value', Displayed=True, Enabled=True
2025-05-21 14:11:32,356 - INFO - After credentials Anchors 3: Text='Forgot Password', ID='No id', Class='deal-button undefined null', Type='No type', Name='No name', Value='No value', Displayed=True, Enabled=True
2025-05-21 14:11:32,373 - INFO - After credentials Found 4 Clickable divs
2025-05-21 14:11:32,462 - INFO - After credentials Clickable divs 1: Text='Email Address', ID='No id', Class='deal-button dm-input-box null', Type='No type', Name='No name', Value='No value', Displayed=True, Enabled=True
2025-05-21 14:11:32,551 - INFO - After credentials Clickable divs 2: Text='Password', ID='No id', Class='deal-button dm-input-box null', Type='No type', Name='No name', Value='No value', Displayed=True, Enabled=True
2025-05-21 14:11:32,636 - INFO - After credentials Clickable divs 3: Text='Continue With Email', ID='No id', Class='deal-button undefined null', Type='No type', Name='No name', Value='No value', Displayed=True, Enabled=True
2025-05-21 14:11:32,721 - INFO - After credentials Clickable divs 4: Text='Sign in with Google', ID='No id', Class='deal-button undefined null', Type='No type', Name='No name', Value='No value', Displayed=True, Enabled=True
2025-05-21 14:11:32,763 - INFO - After credentials Found 1 forms on the page
2025-05-21 14:11:32,797 - INFO - After credentials Form 1: ID='form_0', Class='deal-form', Action='https://app.dealmachine.com/', Method='get'
2025-05-21 14:11:32,815 - INFO - After credentials Form 1 has 2 input elements
2025-05-21 14:11:32,855 - INFO - After credentials Form 1 Input 1: Type='text', Name='email', ID='No id', Value='ryan@kindleenterprisesllc.com', Displayed=True
2025-05-21 14:11:32,895 - INFO - After credentials Form 1 Input 2: Type='password', Name='password', ID='No id', Value='Kindle11697', Displayed=True
2025-05-21 14:11:32,912 - INFO - After credentials Form 1 has 1 button elements
2025-05-21 14:11:32,974 - INFO - After credentials Form 1 Button 1: Type='button', Text='Login with Apple', ID='No id', Class='react-apple-signin-auth-btn react-apple-signin-auth-btn-dark', Displayed=True
2025-05-21 14:11:35,975 - INFO - Looking for login button...
2025-05-21 14:11:35,976 - INFO - Trying button locator 1/38: //div[contains(@class, 'primary') and contains(@class, 'button')]
2025-05-21 14:11:35,993 - INFO - Trying button locator 2/38: //div[contains(@class, 'submit') and contains(@class, 'button')]
2025-05-21 14:11:36,009 - INFO - Trying button locator 3/38: //div[contains(@class, 'login-button')]
2025-05-21 14:11:36,025 - INFO - Trying button locator 4/38: //button[contains(@class, 'dmbutton-primary')]
2025-05-21 14:11:36,043 - INFO - Trying button locator 5/38: //div[contains(@class, 'dmbutton-primary')]
2025-05-21 14:11:36,059 - INFO - Trying button locator 6/38: //span[contains(text(), 'Sign in')]/parent::*
2025-05-21 14:11:36,075 - INFO - Trying button locator 7/38: //span[contains(text(), 'Continue with Email')]/parent::*
2025-05-21 14:11:36,092 - INFO - Trying button locator 8/38: //span[contains(text(), 'Log')]/parent::*
2025-05-21 14:11:36,108 - INFO - Trying button locator 9/38: //span[contains(text(), 'Sign')]/parent::*
2025-05-21 14:11:36,152 - INFO - Trying button locator 10/38: //button[contains(text(), 'Continue With Email')]
2025-05-21 14:11:36,179 - INFO - Trying button locator 11/38: //button[contains(text(), 'Sign In')]
2025-05-21 14:11:36,198 - INFO - Trying button locator 12/38: //button[contains(text(), 'Log In')]
2025-05-21 14:11:36,214 - INFO - Trying button locator 13/38: //button[contains(text(), 'Login')]
2025-05-21 14:11:36,231 - INFO - Found 1 elements matching locator //button[contains(text(), 'Login')]
2025-05-21 14:11:36,266 - INFO - Examining element 1: Text='Login with Apple', Class='react-apple-signin-auth-btn react-apple-signin-auth-btn-dark'
2025-05-21 14:11:36,286 - INFO - Found clickable button: Login with Apple
2025-05-21 14:11:36,287 - INFO - Found login button, attempting to click
2025-05-21 14:11:40,172 - INFO - Screenshot saved as before_click_login_20250521_141137.png
2025-05-21 14:11:40,172 - INFO - Trying click method: Regular click
2025-05-21 14:11:40,764 - INFO - Click method Regular click executed without errors
2025-05-21 14:11:46,828 - INFO - Screenshot saved as after_click_Regular_click_20250521_141143.png
2025-05-21 14:11:46,836 - INFO - URL after click attempt: https://app.dealmachine.com/
2025-05-21 14:11:46,848 - INFO - URL after login button click: https://app.dealmachine.com/
2025-05-21 14:11:46,848 - INFO - Waiting for redirect after login...
2025-05-21 14:11:46,867 - INFO - Redirected to: https://app.dealmachine.com/
2025-05-21 14:11:49,731 - INFO - Screenshot saved as login_success_20250521_141146.png
2025-05-21 14:11:49,732 - INFO - Login successful
2025-05-21 14:26:23,837 - INFO - Setting up Chrome/Brave driver with options
2025-05-21 14:26:23,838 - INFO - Using ChromeDriver at: /usr/local/bin/chromedriver
2025-05-21 14:26:27,724 - INFO - WebDriver initialized successfully
2025-05-21 14:26:27,725 - INFO - Starting login process
2025-05-21 14:26:27,725 - INFO - Navigating to DealMachine login page...
2025-05-21 14:26:31,588 - INFO - Current URL after navigation: https://app.dealmachine.com/
2025-05-21 14:26:34,475 - INFO - Screenshot saved as login_page_initial_20250521_142631.png
2025-05-21 14:26:34,476 - INFO - Waiting for login page to fully load...
2025-05-21 14:26:39,655 - WARNING - Expected login page, but got: https://app.dealmachine.com/
2025-05-21 14:26:42,459 - INFO - Screenshot saved as unexpected_page_20250521_142639.png
2025-05-21 14:26:42,814 - INFO - Initial page URL: https://app.dealmachine.com/
2025-05-21 14:26:42,826 - INFO - Initial page Title: Log in to your account - DealMachine for Real Estate
2025-05-21 14:26:42,846 - INFO - Initial page Found 1 buttons on page
2025-05-21 14:26:42,917 - INFO - Initial page Button 1: Text='Login with Apple', Type='button', Class='react-apple-signin-auth-btn react-apple-signin-auth-btn-dark'
2025-05-21 14:26:42,933 - INFO - Initial page Found 1 forms on page
2025-05-21 14:26:42,943 - INFO - Initial page Saved page source to page_source_Initial_page_20250521_142642.html
2025-05-21 14:26:42,960 - INFO - Found 6 iframes on the page
2025-05-21 14:26:42,969 - INFO - Switching to iframe: iframe_0
2025-05-21 14:26:43,028 - INFO - Switching to iframe: _hjSafeContext_33773817
2025-05-21 14:26:43,077 - INFO - Switching to iframe: intercom-frame
2025-05-21 14:26:43,197 - INFO - Switching to iframe: iframe_3
2025-05-21 14:26:43,276 - INFO - Switching to iframe: iframe_4
2025-05-21 14:26:43,333 - INFO - Switching to iframe: iframe_5
2025-05-21 14:26:43,374 - INFO - No relevant content found in iframes, staying in main content
2025-05-21 14:26:43,374 - INFO - Waiting for email field...
2025-05-21 14:26:43,406 - INFO - Email field found
2025-05-21 14:26:43,866 - INFO - Email entered
2025-05-21 14:26:44,285 - INFO - Password entered
2025-05-21 14:26:44,285 - INFO - Credentials filled
2025-05-21 14:26:47,198 - INFO - Screenshot saved as credentials_filled_20250521_142644.png
2025-05-21 14:26:47,207 - INFO - After credentials URL: https://app.dealmachine.com/
2025-05-21 14:26:47,213 - INFO - After credentials Title: Log in to your account - DealMachine for Real Estate
2025-05-21 14:26:47,224 - INFO - After credentials Found 1 buttons on page
2025-05-21 14:26:47,270 - INFO - After credentials Button 1: Text='Login with Apple', Type='button', Class='react-apple-signin-auth-btn react-apple-signin-auth-btn-dark'
2025-05-21 14:26:47,280 - INFO - After credentials Found 1 forms on page
2025-05-21 14:26:47,291 - INFO - After credentials Saved page source to page_source_After_credentials_20250521_142647.html
2025-05-21 14:26:47,291 - INFO - After credentials Finding all interactive elements...
2025-05-21 14:26:47,309 - INFO - After credentials Found 1 Buttons
2025-05-21 14:26:47,403 - INFO - After credentials Buttons 1: Text='Login with Apple', ID='No id', Class='react-apple-signin-auth-btn react-apple-signin-auth-btn-dark', Type='button', Name='No name', Value='No value', Displayed=True, Enabled=True
2025-05-21 14:26:47,420 - INFO - After credentials Found 2 Inputs
2025-05-21 14:26:47,491 - INFO - After credentials Inputs 1: Text='No text', ID='No id', Class='active undefined', Type='text', Name='email', Value='ryan@kindleenterprisesllc.com', Displayed=True, Enabled=True
2025-05-21 14:26:47,562 - INFO - After credentials Inputs 2: Text='No text', ID='No id', Class='active undefined', Type='password', Name='password', Value='Kindle11697', Displayed=True, Enabled=True
2025-05-21 14:26:47,594 - INFO - After credentials Found 3 Anchors
2025-05-21 14:26:47,662 - INFO - After credentials Anchors 1: Text='No text', ID='No id', Class='deal-button', Type='No type', Name='No name', Value='No value', Displayed=True, Enabled=True
2025-05-21 14:26:47,742 - INFO - After credentials Anchors 2: Text='Don't have an account yet? Get started here', ID='No id', Class='deal-button undefined null', Type='No type', Name='No name', Value='No value', Displayed=True, Enabled=True
2025-05-21 14:26:47,825 - INFO - After credentials Anchors 3: Text='Forgot Password', ID='No id', Class='deal-button undefined null', Type='No type', Name='No name', Value='No value', Displayed=True, Enabled=True
2025-05-21 14:26:47,843 - INFO - After credentials Found 4 Clickable divs
2025-05-21 14:26:47,935 - INFO - After credentials Clickable divs 1: Text='Email Address', ID='No id', Class='deal-button dm-input-box null', Type='No type', Name='No name', Value='No value', Displayed=True, Enabled=True
2025-05-21 14:26:48,020 - INFO - After credentials Clickable divs 2: Text='Password', ID='No id', Class='deal-button dm-input-box null', Type='No type', Name='No name', Value='No value', Displayed=True, Enabled=True
2025-05-21 14:26:48,104 - INFO - After credentials Clickable divs 3: Text='Continue With Email', ID='No id', Class='deal-button undefined null', Type='No type', Name='No name', Value='No value', Displayed=True, Enabled=True
2025-05-21 14:26:48,196 - INFO - After credentials Clickable divs 4: Text='Sign in with Google', ID='No id', Class='deal-button undefined null', Type='No type', Name='No name', Value='No value', Displayed=True, Enabled=True
2025-05-21 14:26:48,237 - INFO - After credentials Found 1 forms on the page
2025-05-21 14:26:48,270 - INFO - After credentials Form 1: ID='form_0', Class='deal-form', Action='https://app.dealmachine.com/', Method='get'
2025-05-21 14:26:48,289 - INFO - After credentials Form 1 has 2 input elements
2025-05-21 14:26:48,328 - INFO - After credentials Form 1 Input 1: Type='text', Name='email', ID='No id', Value='ryan@kindleenterprisesllc.com', Displayed=True
2025-05-21 14:26:48,369 - INFO - After credentials Form 1 Input 2: Type='password', Name='password', ID='No id', Value='Kindle11697', Displayed=True
2025-05-21 14:26:48,387 - INFO - After credentials Form 1 has 1 button elements
2025-05-21 14:26:48,445 - INFO - After credentials Form 1 Button 1: Type='button', Text='Login with Apple', ID='No id', Class='react-apple-signin-auth-btn react-apple-signin-auth-btn-dark', Displayed=True
2025-05-21 14:26:51,448 - INFO - Looking for login button...
2025-05-21 14:26:51,448 - INFO - Trying button locator 1/38: //div[contains(@class, 'primary') and contains(@class, 'button')]
2025-05-21 14:26:51,466 - INFO - Trying button locator 2/38: //div[contains(@class, 'submit') and contains(@class, 'button')]
2025-05-21 14:26:51,482 - INFO - Trying button locator 3/38: //div[contains(@class, 'login-button')]
2025-05-21 14:26:51,498 - INFO - Trying button locator 4/38: //button[contains(@class, 'dmbutton-primary')]
2025-05-21 14:26:51,514 - INFO - Trying button locator 5/38: //div[contains(@class, 'dmbutton-primary')]
2025-05-21 14:26:51,530 - INFO - Trying button locator 6/38: //span[contains(text(), 'Sign in')]/parent::*
2025-05-21 14:26:51,545 - INFO - Trying button locator 7/38: //span[contains(text(), 'Continue with Email')]/parent::*
2025-05-21 14:26:51,561 - INFO - Trying button locator 8/38: //span[contains(text(), 'Log')]/parent::*
2025-05-21 14:26:51,597 - INFO - Trying button locator 9/38: //span[contains(text(), 'Sign')]/parent::*
2025-05-21 14:26:51,634 - INFO - Trying button locator 10/38: //button[contains(text(), 'Continue With Email')]
2025-05-21 14:26:51,650 - INFO - Trying button locator 11/38: //button[contains(text(), 'Sign In')]
2025-05-21 14:26:51,665 - INFO - Trying button locator 12/38: //button[contains(text(), 'Log In')]
2025-05-21 14:26:51,681 - INFO - Trying button locator 13/38: //button[contains(text(), 'Login')]
2025-05-21 14:26:51,697 - INFO - Found 1 elements matching locator //button[contains(text(), 'Login')]
2025-05-21 14:26:51,733 - INFO - Examining element 1: Text='Login with Apple', Class='react-apple-signin-auth-btn react-apple-signin-auth-btn-dark'
2025-05-21 14:26:51,753 - INFO - Found clickable button: Login with Apple
2025-05-21 14:26:51,753 - INFO - Found login button, attempting to click
2025-05-21 14:26:55,594 - INFO - Screenshot saved as before_click_login_20250521_142652.png
2025-05-21 14:26:55,594 - INFO - Trying click method: Regular click
2025-05-21 14:26:56,022 - INFO - Click method Regular click executed without errors
2025-05-21 14:27:01,971 - INFO - Screenshot saved as after_click_Regular_click_20250521_142659.png
2025-05-21 14:27:01,979 - INFO - URL after click attempt: https://app.dealmachine.com/
2025-05-21 14:27:01,990 - INFO - URL after login button click: https://app.dealmachine.com/
2025-05-21 14:27:01,990 - INFO - Waiting for redirect after login...
2025-05-21 14:27:02,006 - INFO - Redirected to: https://app.dealmachine.com/
2025-05-21 14:27:04,788 - INFO - Screenshot saved as login_success_20250521_142702.png
2025-05-21 14:27:04,788 - INFO - Login successful
2025-05-21 15:12:30,398 - INFO - Network conditions set to simulate realistic connection
2025-05-21 15:12:30,399 - INFO - Login attempt 1/3
2025-05-21 15:12:33,874 - INFO - Opened DealMachine login page
2025-05-21 15:12:40,484 - INFO - Screenshot saved: screenshots/login_page_20250521_151237.png
2025-05-21 15:12:48,543 - INFO - Email entered successfully
2025-05-21 15:12:51,376 - INFO - Screenshot saved: screenshots/email_entered_20250521_151248.png
2025-05-21 15:12:55,804 - INFO - Password entered successfully
2025-05-21 15:12:58,609 - INFO - Screenshot saved: screenshots/password_entered_20250521_151255.png
2025-05-21 15:16:01,520 - INFO - Found login button using selector: ('css selector', 'form button')
2025-05-21 15:16:04,961 - INFO - Screenshot saved: screenshots/before_login_click_20250521_151601.png
2025-05-21 15:16:08,596 - INFO - Screenshot saved: screenshots/click_attempt_1_20250521_151605.png
2025-05-21 15:16:08,596 - INFO - Attempting click method 1
2025-05-21 15:16:09,861 - INFO - Click method 1 successful
2025-05-21 15:16:09,861 - INFO - Login button clicked successfully
2025-05-21 15:16:12,886 - INFO - Screenshot saved: screenshots/after_login_click_20250521_151609.png
2025-05-21 15:16:15,596 - INFO - Login successful - redirected to dashboard
2025-05-21 15:16:18,639 - INFO - Screenshot saved: screenshots/login_success_20250521_151615.png
2025-05-21 15:23:51,259 - INFO - Network conditions set to simulate realistic connection
2025-05-21 15:23:51,260 - INFO - Login attempt 1/3
2025-05-21 15:23:54,741 - INFO - Opened DealMachine login page
2025-05-21 15:24:00,171 - INFO - Screenshot saved: screenshots/login_page_20250521_152357.png
2025-05-21 15:24:08,361 - INFO - Email entered successfully
2025-05-21 15:24:11,203 - INFO - Screenshot saved: screenshots/email_entered_20250521_152408.png
2025-05-21 15:24:15,821 - INFO - Password entered successfully
2025-05-21 15:24:18,657 - INFO - Screenshot saved: screenshots/password_entered_20250521_152415.png
2025-05-21 15:27:21,710 - INFO - Found login button using selector: ('css selector', 'form button')
2025-05-21 15:27:24,682 - INFO - Screenshot saved: screenshots/before_login_click_20250521_152721.png
2025-05-21 15:27:28,111 - INFO - Screenshot saved: screenshots/click_attempt_1_20250521_152725.png
2025-05-21 15:27:28,111 - INFO - Attempting click method 1
2025-05-21 15:27:29,224 - INFO - Click method 1 successful
2025-05-21 15:27:29,224 - INFO - Login button clicked successfully
2025-05-21 15:27:32,246 - INFO - Screenshot saved: screenshots/after_login_click_20250521_152729.png
2025-05-21 15:27:36,211 - INFO - Login successful - redirected to dashboard
2025-05-21 15:27:39,033 - INFO - Screenshot saved: screenshots/login_success_20250521_152736.png
